This is pdfTeX, Version 3.14159265-2.6-1.40.18 (TeX Live 2017) (preloaded format=pdflatex 2017.9.4)  15 MAY 2020 08:25
entering extended mode
 restricted \write18 enabled.
 %&-line parsing enabled.
**ExtendedAlgorithm.tex
(./ExtendedAlgorithm.tex
LaTeX2e <2017-04-15>
Babel <3.10> and hyphenation patterns for 84 language(s) loaded.

(/usr/local/texlive/2017/texmf-dist/tex/latex/base/article.cls
Document Class: article 2014/09/29 v1.4h Standard LaTeX document class
(/usr/local/texlive/2017/texmf-dist/tex/latex/base/size10.clo
File: size10.clo 2014/09/29 v1.4h Standard LaTeX file (size option)
)
\c@part=\count79
\c@section=\count80
\c@subsection=\count81
\c@subsubsection=\count82
\c@paragraph=\count83
\c@subparagraph=\count84
\c@figure=\count85
\c@table=\count86
\abovecaptionskip=\skip41
\belowcaptionskip=\skip42
\bibindent=\dimen102
) (/usr/local/texlive/2017/texmf-dist/tex/latex/graphics/color.sty
Package: color 2016/07/10 v1.1e Standard LaTeX Color (DPC)
(/usr/local/texlive/2017/texmf-dist/tex/latex/graphics-cfg/color.cfg
File: color.cfg 2016/01/02 v1.6 sample color configuration
)
Package color Info: Driver file: pdftex.def on input line 147.
(/usr/local/texlive/2017/texmf-dist/tex/latex/graphics-def/pdftex.def
File: pdftex.def 2017/01/12 v0.06k Graphics/color for pdfTeX
(/usr/local/texlive/2017/texmf-dist/tex/generic/oberdiek/infwarerr.sty
Package: infwarerr 2016/05/16 v1.4 Providing info/warning/error messages (HO)
) (/usr/local/texlive/2017/texmf-dist/tex/generic/oberdiek/ltxcmds.sty
Package: ltxcmds 2016/05/16 v1.23 LaTeX kernel commands for general use (HO)
)
\Gread@gobject=\count87
)) (/usr/local/texlive/2017/texmf-dist/tex/latex/base/latexsym.sty
Package: latexsym 1998/08/17 v2.2e Standard LaTeX package (lasy symbols)
\symlasy=\mathgroup4
LaTeX Font Info:    Overwriting symbol font `lasy' in version `bold'
(Font)                  U/lasy/m/n --> U/lasy/b/n on input line 52.
) (/usr/local/texlive/2017/texmf-dist/tex/latex/base/ifthen.sty
Package: ifthen 2014/09/29 v1.1c Standard LaTeX ifthen package (DPC)
)
\symlength=\skip43
\equalswidth=\skip44
\charwidth=\skip45
\boxrulewd=\skip46
\boxlineht=\skip47
\boxruleht=\skip48
\boxruledp=\skip49
\pcalvspace=\skip50
\lcomindent=\skip51
\@xlen=\skip52
\templena=\skip53
\templenb=\skip54
\tempboxa=\box26
\vshadelen=\skip55
\boxwidth=\skip56
\multicommentdepth=\skip57
\c@pardepth=\count88
\tempsbox=\box27
\@cparht=\skip58
\@cpardp=\skip59
\xmcomlen=\skip60
\spacewidth=\skip61
\alignboxwidth=\skip62
\alignwidth=\skip63
\alignbox=\box28
\symtlaitalics=\mathgroup5
\c@tlx@ctr=\count89
(/usr/local/texlive/2017/texmf-dist/tex/latex/tools/verbatim.sty
Package: verbatim 2014/10/28 v1.5q LaTeX2e package for verbatim enhancements
\every@verbatim=\toks14
\verbatim@line=\toks15
\verbatim@in@stream=\read1
) (./ExtendedAlgorithm.aux)
\openout1 = `ExtendedAlgorithm.aux'.

LaTeX Font Info:    Checking defaults for OML/cmm/m/it on input line 939.
LaTeX Font Info:    ... okay on input line 939.
LaTeX Font Info:    Checking defaults for T1/cmr/m/n on input line 939.
LaTeX Font Info:    ... okay on input line 939.
LaTeX Font Info:    Checking defaults for OT1/cmr/m/n on input line 939.
LaTeX Font Info:    ... okay on input line 939.
LaTeX Font Info:    Checking defaults for OMS/cmsy/m/n on input line 939.
LaTeX Font Info:    ... okay on input line 939.
LaTeX Font Info:    Checking defaults for OMX/cmex/m/n on input line 939.
LaTeX Font Info:    ... okay on input line 939.
LaTeX Font Info:    Checking defaults for U/cmr/m/n on input line 939.
LaTeX Font Info:    ... okay on input line 939.
(/usr/local/texlive/2017/texmf-dist/tex/context/base/mkii/supp-pdf.mkii
[Loading MPS to PDF converter (version 2006.09.02).]
\scratchcounter=\count90
\scratchdimen=\dimen103
\scratchbox=\box29
\nofMPsegments=\count91
\nofMParguments=\count92
\everyMPshowfont=\toks16
\MPscratchCnt=\count93
\MPscratchDim=\dimen104
\MPnumerator=\count94
\makeMPintoPDFobject=\count95
\everyMPtoPDFconversion=\toks17
)
LaTeX Font Info:    External font `cmex10' loaded for size
(Font)              <7> on input line 942.
LaTeX Font Info:    External font `cmex10' loaded for size
(Font)              <5> on input line 942.
LaTeX Font Info:    Try loading font information for U+lasy on input line 942.
(/usr/local/texlive/2017/texmf-dist/tex/latex/base/ulasy.fd
File: ulasy.fd 1998/08/17 v2.2e LaTeX symbol font definitions
)
LaTeX Font Info:    External font `cmex10' loaded for size
(Font)              <8> on input line 953.
LaTeX Font Info:    External font `cmex10' loaded for size
(Font)              <6> on input line 953.

Overfull \hbox (21.0746pt too wide) in paragraph at lines 960--961
[][] 
 []


Overfull \hbox (16.2683pt too wide) in paragraph at lines 993--995
[][] 
 []

[1

{/usr/local/texlive/2017/texmf-var/fonts/map/pdftex/updmap/pdftex.map}]
Overfull \hbox (99.34244pt too wide) in paragraph at lines 999--1004
[][][][] 
 []


Overfull \hbox (18.55151pt too wide) in paragraph at lines 1036--1037
[][] 
 []


Overfull \hbox (91.38028pt too wide) in paragraph at lines 1053--1054
[][] 
 []


Overfull \hbox (11.7628pt too wide) in paragraph at lines 1060--1062
[][] 
 []


Overfull \hbox (11.2497pt too wide) in paragraph at lines 1062--1064
[][] 
 []


Overfull \hbox (2.16812pt too wide) in paragraph at lines 1064--1065
[][] 
 []

[2]
Overfull \hbox (19.78584pt too wide) in paragraph at lines 1110--1111
[][] 
 []


Overfull \hbox (131.38803pt too wide) in paragraph at lines 1113--1114
[][] 
 []


Overfull \hbox (148.73393pt too wide) in paragraph at lines 1118--1120
[][] 
 []


Overfull \hbox (149.24168pt too wide) in paragraph at lines 1120--1122
[][] 
 []


Overfull \hbox (1473.16014pt too wide) in paragraph at lines 1122--1133
[][][][] 
 []


Overfull \hbox (119.85028pt too wide) in paragraph at lines 1156--1158
[][] 
 []


Overfull \hbox (465.56975pt too wide) in paragraph at lines 1158--1163
[][][][] 
 []

[3]
Overfull \hbox (85.90941pt too wide) in paragraph at lines 1181--1183
[][] 
 []


Overfull \hbox (86.42296pt too wide) in paragraph at lines 1183--1185
[][] 
 []


Overfull \hbox (121.74492pt too wide) in paragraph at lines 1185--1186
[][] 
 []


Overfull \hbox (85.9188pt too wide) in paragraph at lines 1186--1187
[][] 
 []


Overfull \hbox (52.86432pt too wide) in paragraph at lines 1187--1188
[][] 
 []


Overfull \hbox (40.36713pt too wide) in paragraph at lines 1199--1200
[][] 
 []


Overfull \hbox (58.02785pt too wide) in paragraph at lines 1200--1202
[][] 
 []


Overfull \hbox (26.13562pt too wide) in paragraph at lines 1207--1209
[][] 
 []


Overfull \hbox (279.50891pt too wide) in paragraph at lines 1209--1215
[][][][] 
 []


Overfull \hbox (36.88713pt too wide) in paragraph at lines 1225--1226
[][] 
 []


Overfull \hbox (54.53784pt too wide) in paragraph at lines 1226--1228
[][] 
 []

[4]
Overfull \hbox (40.5473pt too wide) in paragraph at lines 1248--1250
[][] 
 []


Overfull \hbox (22.57916pt too wide) in paragraph at lines 1265--1266
[][] 
 []

[5] (./ExtendedAlgorithm.aux) ) 
Here is how much of TeX's memory you used:
 1301 strings out of 492995
 16160 string characters out of 6132705
 85991 words of memory out of 5000000
 4885 multiletter control sequences out of 15000+600000
 9411 words of font info for 36 fonts, out of 8000000 for 9000
 1141 hyphenation exceptions out of 8191
 23i,17n,25p,242b,239s stack positions out of 5000i,500n,10000p,200000b,80000s
</usr/local/texlive/2017/texmf-dist/fonts/type1/
public/amsfonts/cm/cmcsc10.pfb></usr/local/texlive/2017/texmf-dist/fonts/type1/
public/amsfonts/cm/cmmi10.pfb></usr/local/texlive/2017/texmf-dist/fonts/type1/p
ublic/amsfonts/cm/cmmi7.pfb></usr/local/texlive/2017/texmf-dist/fonts/type1/pub
lic/amsfonts/cm/cmmi8.pfb></usr/local/texlive/2017/texmf-dist/fonts/type1/publi
c/amsfonts/cm/cmr10.pfb></usr/local/texlive/2017/texmf-dist/fonts/type1/public/
amsfonts/cm/cmr5.pfb></usr/local/texlive/2017/texmf-dist/fonts/type1/public/ams
fonts/cm/cmr8.pfb></usr/local/texlive/2017/texmf-dist/fonts/type1/public/amsfon
ts/cm/cmr9.pfb></usr/local/texlive/2017/texmf-dist/fonts/type1/public/amsfonts/
cm/cmss10.pfb></usr/local/texlive/2017/texmf-dist/fonts/type1/public/amsfonts/c
m/cmss8.pfb></usr/local/texlive/2017/texmf-dist/fonts/type1/public/amsfonts/cm/
cmsy10.pfb></usr/local/texlive/2017/texmf-dist/fonts/type1/public/amsfonts/cm/c
msy7.pfb></usr/local/texlive/2017/texmf-dist/fonts/type1/public/amsfonts/cm/cms
y8.pfb></usr/local/texlive/2017/texmf-dist/fonts/type1/public/amsfonts/cm/cmti1
0.pfb></usr/local/texlive/2017/texmf-dist/fonts/type1/public/amsfonts/cm/cmti7.
pfb></usr/local/texlive/2017/texmf-dist/fonts/type1/public/amsfonts/cm/cmti8.pf
b></usr/local/texlive/2017/texmf-dist/fonts/type1/public/amsfonts/latxfont/lasy
10.pfb>
Output written on ExtendedAlgorithm.pdf (5 pages, 180616 bytes).
PDF statistics:
 88 PDF objects out of 1000 (max. 8388607)
 63 compressed objects within 1 object stream
 0 named destinations out of 1000 (max. 500000)
 1 words of extra memory for PDF output out of 10000 (max. 10000000)

